# JRE version: OpenJDK Runtime Environment (8.0_202-b03) (build 1.8.0_202-release-1483-b03)
# Java VM: OpenJDK 64-Bit Server VM (25.202-b03 mixed mode windows-amd64 compressed oops)
Heap:
 PSYoungGen      total 304640K, used 236598K [0x00000000e0000000, 0x00000000f9280000, 0x0000000100000000)
  eden space 247808K, 76% used [0x00000000e0000000,0x00000000eb8e7b90,0x00000000ef200000)
  from space 56832K, 83% used [0x00000000ef200000,0x00000000f2025eb8,0x00000000f2980000)
  to   space 62976K, 0% used [0x00000000f5500000,0x00000000f5500000,0x00000000f9280000)
 ParOldGen       total 150528K, used 61715K [0x00000000a0000000, 0x00000000a9300000, 0x00000000e0000000)
  object space 150528K, 40% used [0x00000000a0000000,0x00000000a3c44de8,0x00000000a9300000)
 Metaspace       used 91400K, capacity 94942K, committed 95192K, reserved 1132544K
  class space    used 11831K, capacity 12502K, committed 12504K, reserved 1048576K
GC Heap History (10 events):
Event: 13222.309 GC heap before
{Heap before GC invocations=31 (full 6):
 PSYoungGen      total 245760K, used 6544K [0x00000000e0000000, 0x00000000f3980000, 0x0000000100000000)
  eden space 197120K, 0% used [0x00000000e0000000,0x00000000e0000000,0x00000000ec080000)
  from space 48640K, 13% used [0x00000000ec080000,0x00000000ec6e4120,0x00000000ef000000)
  to   space 47616K, 0% used [0x00000000f0b00000,0x00000000f0b00000,0x00000000f3980000)
 ParOldGen       total 171520K, used 149721K [0x00000000a0000000, 0x00000000aa780000, 0x00000000e0000000)
  object space 171520K, 87% used [0x00000000a0000000,0x00000000a92367e0,0x00000000aa780000)
 Metaspace       used 89818K, capacity 93146K, committed 93400K, reserved 1130496K
  class space    used 11785K, capacity 12452K, committed 12504K, reserved 1048576K
Event: 13238.029 GC heap after
Heap after GC invocations=31 (full 6):
 PSYoungGen      total 245760K, used 0K [0x00000000e0000000, 0x00000000f3980000, 0x0000000100000000)
  eden space 197120K, 0% used [0x00000000e0000000,0x00000000e0000000,0x00000000ec080000)
  from space 48640K, 0% used [0x00000000ec080000,0x00000000ec080000,0x00000000ef000000)
  to   space 47616K, 0% used [0x00000000f0b00000,0x00000000f0b00000,0x00000000f3980000)
 ParOldGen       total 150528K, used 39921K [0x00000000a0000000, 0x00000000a9300000, 0x00000000e0000000)
  object space 150528K, 26% used [0x00000000a0000000,0x00000000a26fc728,0x00000000a9300000)
 Metaspace       used 89052K, capacity 91854K, committed 93400K, reserved 1130496K
  class space    used 11663K, capacity 12228K, committed 12504K, reserved 1048576K
}
Event: 13334.228 GC heap before
{Heap before GC invocations=32 (full 6):
 PSYoungGen      total 245760K, used 197120K [0x00000000e0000000, 0x00000000f3980000, 0x0000000100000000)
  eden space 197120K, 100% used [0x00000000e0000000,0x00000000ec080000,0x00000000ec080000)
  from space 48640K, 0% used [0x00000000ec080000,0x00000000ec080000,0x00000000ef000000)
  to   space 47616K, 0% used [0x00000000f0b00000,0x00000000f0b00000,0x00000000f3980000)
 ParOldGen       total 150528K, used 39921K [0x00000000a0000000, 0x00000000a9300000, 0x00000000e0000000)
  object space 150528K, 26% used [0x00000000a0000000,0x00000000a26fc728,0x00000000a9300000)
 Metaspace       used 89635K, capacity 92694K, committed 93656K, reserved 1130496K
  class space    used 11721K, capacity 12330K, committed 12504K, reserved 1048576K
Event: 13334.442 GC heap after
Heap after GC invocations=32 (full 6):
 PSYoungGen      total 254976K, used 10784K [0x00000000e0000000, 0x00000000f2e80000, 0x0000000100000000)
  eden space 218624K, 0% used [0x00000000e0000000,0x00000000e0000000,0x00000000ed580000)
  from space 36352K, 29% used [0x00000000f0b00000,0x00000000f1588020,0x00000000f2e80000)
  to   space 45568K, 0% used [0x00000000ed580000,0x00000000ed580000,0x00000000f0200000)
 ParOldGen       total 150528K, used 39929K [0x00000000a0000000, 0x00000000a9300000, 0x00000000e0000000)
  object space 150528K, 26% used [0x00000000a0000000,0x00000000a26fe728,0x00000000a9300000)
 Metaspace       used 89635K, capacity 92694K, committed 93656K, reserved 1130496K
  class space    used 11721K, capacity 12330K, committed 12504K, reserved 1048576K
}
Event: 13419.505 GC heap before
{Heap before GC invocations=33 (full 6):
 PSYoungGen      total 254976K, used 229408K [0x00000000e0000000, 0x00000000f2e80000, 0x0000000100000000)
  eden space 218624K, 100% used [0x00000000e0000000,0x00000000ed580000,0x00000000ed580000)
  from space 36352K, 29% used [0x00000000f0b00000,0x00000000f1588020,0x00000000f2e80000)
  to   space 45568K, 0% used [0x00000000ed580000,0x00000000ed580000,0x00000000f0200000)
 ParOldGen       total 150528K, used 39929K [0x00000000a0000000, 0x00000000a9300000, 0x00000000e0000000)
  object space 150528K, 26% used [0x00000000a0000000,0x00000000a26fe728,0x00000000a9300000)
 Metaspace       used 90319K, capacity 93578K, committed 94168K, reserved 1130496K
  class space    used 11759K, capacity 12392K, committed 12504K, reserved 1048576K
Event: 13421.621 GC heap after
Heap after GC invocations=33 (full 6):
 PSYoungGen      total 264192K, used 45547K [0x00000000e0000000, 0x00000000f6600000, 0x0000000100000000)
  eden space 218624K, 0% used [0x00000000e0000000,0x00000000e0000000,0x00000000ed580000)
  from space 45568K, 99% used [0x00000000ed580000,0x00000000f01fadf0,0x00000000f0200000)
  to   space 58880K, 0% used [0x00000000f2c80000,0x00000000f2c80000,0x00000000f6600000)
 ParOldGen       total 150528K, used 53925K [0x00000000a0000000, 0x00000000a9300000, 0x00000000e0000000)
  object space 150528K, 35% used [0x00000000a0000000,0x00000000a34a95b8,0x00000000a9300000)
 Metaspace       used 90319K, capacity 93578K, committed 94168K, reserved 1130496K
  class space    used 11759K, capacity 12392K, committed 12504K, reserved 1048576K
}
Event: 14654.598 GC heap before
{Heap before GC invocations=34 (full 6):
 PSYoungGen      total 264192K, used 264171K [0x00000000e0000000, 0x00000000f6600000, 0x0000000100000000)
  eden space 218624K, 100% used [0x00000000e0000000,0x00000000ed580000,0x00000000ed580000)
  from space 45568K, 99% used [0x00000000ed580000,0x00000000f01fadf0,0x00000000f0200000)
  to   space 58880K, 0% used [0x00000000f2c80000,0x00000000f2c80000,0x00000000f6600000)
 ParOldGen       total 150528K, used 53925K [0x00000000a0000000, 0x00000000a9300000, 0x00000000e0000000)
  object space 150528K, 35% used [0x00000000a0000000,0x00000000a34a95b8,0x00000000a9300000)
 Metaspace       used 90754K, capacity 94184K, committed 94424K, reserved 1130496K
  class space    used 11803K, capacity 12473K, committed 12504K, reserved 1048576K
Event: 14665.031 GC heap after
Heap after GC invocations=34 (full 6):
 PSYoungGen      total 301568K, used 26033K [0x00000000e0000000, 0x00000000f6100000, 0x0000000100000000)
  eden space 247808K, 0% used [0x00000000e0000000,0x00000000e0000000,0x00000000ef200000)
  from space 53760K, 48% used [0x00000000f2c80000,0x00000000f45ec6f0,0x00000000f6100000)
  to   space 56832K, 0% used [0x00000000ef200000,0x00000000ef200000,0x00000000f2980000)
 ParOldGen       total 150528K, used 61707K [0x00000000a0000000, 0x00000000a9300000, 0x00000000e0000000)
  object space 150528K, 40% used [0x00000000a0000000,0x00000000a3c42de8,0x00000000a9300000)
 Metaspace       used 90754K, capacity 94184K, committed 94424K, reserved 1130496K
  class space    used 11803K, capacity 12473K, committed 12504K, reserved 1048576K
}
Event: 14876.508 GC heap before
{Heap before GC invocations=35 (full 6):
 PSYoungGen      total 301568K, used 273841K [0x00000000e0000000, 0x00000000f6100000, 0x0000000100000000)
  eden space 247808K, 100% used [0x00000000e0000000,0x00000000ef200000,0x00000000ef200000)
  from space 53760K, 48% used [0x00000000f2c80000,0x00000000f45ec6f0,0x00000000f6100000)
  to   space 56832K, 0% used [0x00000000ef200000,0x00000000ef200000,0x00000000f2980000)
 ParOldGen       total 150528K, used 61707K [0x00000000a0000000, 0x00000000a9300000, 0x00000000e0000000)
  object space 150528K, 40% used [0x00000000a0000000,0x00000000a3c42de8,0x00000000a9300000)
 Metaspace       used 91384K, capacity 94938K, committed 95192K, reserved 1132544K
  class space    used 11831K, capacity 12502K, committed 12504K, reserved 1048576K
Event: 14882.145 GC heap after
Heap after GC invocations=35 (full 6):
 PSYoungGen      total 304640K, used 47255K [0x00000000e0000000, 0x00000000f9280000, 0x0000000100000000)
  eden space 247808K, 0% used [0x00000000e0000000,0x00000000e0000000,0x00000000ef200000)
  from space 56832K, 83% used [0x00000000ef200000,0x00000000f2025eb8,0x00000000f2980000)
  to   space 62976K, 0% used [0x00000000f5500000,0x00000000f5500000,0x00000000f9280000)
 ParOldGen       total 150528K, used 61715K [0x00000000a0000000, 0x00000000a9300000, 0x00000000e0000000)
  object space 150528K, 40% used [0x00000000a0000000,0x00000000a3c44de8,0x00000000a9300000)
 Metaspace       used 91384K, capacity 94938K, committed 95192K, reserved 1132544K
  class space    used 11831K, capacity 12502K, committed 12504K, reserved 1048576K
}

